CRITICAL - 2025-09-01 02:07:07 --> ParseError: syntax error, unexpected token "<<", expecting "]"
[Method: GET, Route: /]
in APPPATH\Config\Database.php on line 30.
 1 SYSTEMPATH\Autoloader\Autoloader.php(295): CodeIgniter\Autoloader\Autoloader->includeFile('C:\\xampp\\htdocs\\HMS\\app\\Config\\Database.php')
 2 SYSTEMPATH\Autoloader\Autoloader.php(271): CodeIgniter\Autoloader\Autoloader->loadInNamespace('Config\\Database')
 3 SYSTEMPATH\Debug\Toolbar\Collectors\Database.php(258): CodeIgniter\Autoloader\Autoloader->loadClass('Config\\Database')
 4 SYSTEMPATH\Debug\Toolbar\Collectors\Database.php(75): CodeIgniter\Debug\Toolbar\Collectors\Database->getConnections()
 5 SYSTEMPATH\Debug\Toolbar.php(67): CodeIgniter\Debug\Toolbar\Collectors\Database->__construct()
 6 SYSTEMPATH\Config\Services.php(801): CodeIgniter\Debug\Toolbar->__construct(Object(Config\Toolbar))
 7 SYSTEMPATH\Config\BaseService.php(312): CodeIgniter\Config\Services::toolbar(Object(Config\Toolbar), false)
 8 SYSTEMPATH\Config\BaseService.php(251): CodeIgniter\Config\BaseService::__callStatic('toolbar', [...])
 9 SYSTEMPATH\Config\Services.php(796): CodeIgniter\Config\BaseService::getSharedInstance('toolbar', null)
10 SYSTEMPATH\Config\BaseService.php(321): CodeIgniter\Config\Services::toolbar()
11 SYSTEMPATH\Config\BaseService.php(202): CodeIgniter\Config\BaseService::__callStatic('toolbar', [])
12 SYSTEMPATH\Common.php(995): CodeIgniter\Config\BaseService::get('toolbar')
13 APPPATH\Config\Events.php(47): service('toolbar')
14 SYSTEMPATH\Events\Events.php(152): CodeIgniter\Events\Events::Config\{closure}()
15 SYSTEMPATH\CodeIgniter.php(339): CodeIgniter\Events\Events::trigger('pre_system')
16 SYSTEMPATH\Boot.php(363): CodeIgniter\CodeIgniter->run()
17 SYSTEMPATH\Boot.php(68): CodeIgniter\Boot::runCodeIgniter(Object(CodeIgniter\CodeIgniter))
18 FCPATH\index.php(59): CodeIgniter\Boot::bootWeb(Object(Config\Paths))
CRITICAL - 2025-09-01 02:07:09 --> ParseError: syntax error, unexpected token "<<", expecting "]"
[Method: GET, Route: /]
in APPPATH\Config\Database.php on line 30.
 1 SYSTEMPATH\Autoloader\Autoloader.php(295): CodeIgniter\Autoloader\Autoloader->includeFile('C:\\xampp\\htdocs\\HMS\\app\\Config\\Database.php')
 2 SYSTEMPATH\Autoloader\Autoloader.php(271): CodeIgniter\Autoloader\Autoloader->loadInNamespace('Config\\Database')
 3 SYSTEMPATH\Debug\Toolbar\Collectors\Database.php(258): CodeIgniter\Autoloader\Autoloader->loadClass('Config\\Database')
 4 SYSTEMPATH\Debug\Toolbar\Collectors\Database.php(75): CodeIgniter\Debug\Toolbar\Collectors\Database->getConnections()
 5 SYSTEMPATH\Debug\Toolbar.php(67): CodeIgniter\Debug\Toolbar\Collectors\Database->__construct()
 6 SYSTEMPATH\Config\Services.php(801): CodeIgniter\Debug\Toolbar->__construct(Object(Config\Toolbar))
 7 SYSTEMPATH\Config\BaseService.php(312): CodeIgniter\Config\Services::toolbar(Object(Config\Toolbar), false)
 8 SYSTEMPATH\Config\BaseService.php(251): CodeIgniter\Config\BaseService::__callStatic('toolbar', [...])
 9 SYSTEMPATH\Config\Services.php(796): CodeIgniter\Config\BaseService::getSharedInstance('toolbar', null)
10 SYSTEMPATH\Config\BaseService.php(321): CodeIgniter\Config\Services::toolbar()
11 SYSTEMPATH\Config\BaseService.php(202): CodeIgniter\Config\BaseService::__callStatic('toolbar', [])
12 SYSTEMPATH\Common.php(995): CodeIgniter\Config\BaseService::get('toolbar')
13 APPPATH\Config\Events.php(47): service('toolbar')
14 SYSTEMPATH\Events\Events.php(152): CodeIgniter\Events\Events::Config\{closure}()
15 SYSTEMPATH\CodeIgniter.php(339): CodeIgniter\Events\Events::trigger('pre_system')
16 SYSTEMPATH\Boot.php(363): CodeIgniter\CodeIgniter->run()
17 SYSTEMPATH\Boot.php(68): CodeIgniter\Boot::runCodeIgniter(Object(CodeIgniter\CodeIgniter))
18 FCPATH\index.php(59): CodeIgniter\Boot::bootWeb(Object(Config\Paths))
CRITICAL - 2025-09-01 02:07:13 --> ParseError: syntax error, unexpected token "<<", expecting "]"
[Method: GET, Route: /]
in APPPATH\Config\Database.php on line 30.
 1 SYSTEMPATH\Autoloader\Autoloader.php(295): CodeIgniter\Autoloader\Autoloader->includeFile('C:\\xampp\\htdocs\\HMS\\app\\Config\\Database.php')
 2 SYSTEMPATH\Autoloader\Autoloader.php(271): CodeIgniter\Autoloader\Autoloader->loadInNamespace('Config\\Database')
 3 SYSTEMPATH\Debug\Toolbar\Collectors\Database.php(258): CodeIgniter\Autoloader\Autoloader->loadClass('Config\\Database')
 4 SYSTEMPATH\Debug\Toolbar\Collectors\Database.php(75): CodeIgniter\Debug\Toolbar\Collectors\Database->getConnections()
 5 SYSTEMPATH\Debug\Toolbar.php(67): CodeIgniter\Debug\Toolbar\Collectors\Database->__construct()
 6 SYSTEMPATH\Config\Services.php(801): CodeIgniter\Debug\Toolbar->__construct(Object(Config\Toolbar))
 7 SYSTEMPATH\Config\BaseService.php(312): CodeIgniter\Config\Services::toolbar(Object(Config\Toolbar), false)
 8 SYSTEMPATH\Config\BaseService.php(251): CodeIgniter\Config\BaseService::__callStatic('toolbar', [...])
 9 SYSTEMPATH\Config\Services.php(796): CodeIgniter\Config\BaseService::getSharedInstance('toolbar', null)
10 SYSTEMPATH\Config\BaseService.php(321): CodeIgniter\Config\Services::toolbar()
11 SYSTEMPATH\Config\BaseService.php(202): CodeIgniter\Config\BaseService::__callStatic('toolbar', [])
12 SYSTEMPATH\Common.php(995): CodeIgniter\Config\BaseService::get('toolbar')
13 APPPATH\Config\Events.php(47): service('toolbar')
14 SYSTEMPATH\Events\Events.php(152): CodeIgniter\Events\Events::Config\{closure}()
15 SYSTEMPATH\CodeIgniter.php(339): CodeIgniter\Events\Events::trigger('pre_system')
16 SYSTEMPATH\Boot.php(363): CodeIgniter\CodeIgniter->run()
17 SYSTEMPATH\Boot.php(68): CodeIgniter\Boot::runCodeIgniter(Object(CodeIgniter\CodeIgniter))
18 FCPATH\index.php(59): CodeIgniter\Boot::bootWeb(Object(Config\Paths))
CRITICAL - 2025-09-01 02:07:46 --> ParseError: syntax error, unexpected token "<<", expecting "]"
[Method: GET, Route: /]
in APPPATH\Config\Filters.php on line 37.
 1 SYSTEMPATH\Autoloader\Autoloader.php(295): CodeIgniter\Autoloader\Autoloader->includeFile('C:\\xampp\\htdocs\\HMS\\app\\Config\\Filters.php')
 2 SYSTEMPATH\Autoloader\Autoloader.php(271): CodeIgniter\Autoloader\Autoloader->loadInNamespace('Config\\Filters')
 3 [internal function]: CodeIgniter\Autoloader\Autoloader->loadClass('Config\\Filters')
 4 SYSTEMPATH\Config\Factories.php(298): class_exists('Config\\Filters')
 5 SYSTEMPATH\Config\Factories.php(217): CodeIgniter\Config\Factories::locateClass([...], 'Config\\Filters')
 6 SYSTEMPATH\Config\Factories.php(160): CodeIgniter\Config\Factories::getDefinedInstance([...], 'Config\\Filters', [])
 7 SYSTEMPATH\Config\Factories.php(189): CodeIgniter\Config\Factories::__callStatic('config', [])
 8 SYSTEMPATH\Common.php(208): CodeIgniter\Config\Factories::get('config', 'Config\\Filters')
 9 SYSTEMPATH\Config\Services.php(295): config('Config\\Filters')
10 SYSTEMPATH\Config\BaseService.php(312): CodeIgniter\Config\Services::filters(null, false)
11 SYSTEMPATH\Config\BaseService.php(251): CodeIgniter\Config\BaseService::__callStatic('filters', [...])
12 SYSTEMPATH\Config\Services.php(292): CodeIgniter\Config\BaseService::getSharedInstance('filters', null)
13 SYSTEMPATH\Config\BaseService.php(321): CodeIgniter\Config\Services::filters()
14 SYSTEMPATH\CodeIgniter.php(345): CodeIgniter\Config\BaseService::__callStatic('filters', [])
15 SYSTEMPATH\Boot.php(363): CodeIgniter\CodeIgniter->run()
16 SYSTEMPATH\Boot.php(68): CodeIgniter\Boot::runCodeIgniter(Object(CodeIgniter\CodeIgniter))
17 FCPATH\index.php(59): CodeIgniter\Boot::bootWeb(Object(Config\Paths))
CRITICAL - 2025-09-01 02:07:47 --> ParseError: syntax error, unexpected token "<<", expecting "]"
[Method: GET, Route: /]
in APPPATH\Config\Filters.php on line 37.
 1 SYSTEMPATH\Autoloader\Autoloader.php(295): CodeIgniter\Autoloader\Autoloader->includeFile('C:\\xampp\\htdocs\\HMS\\app\\Config\\Filters.php')
 2 SYSTEMPATH\Autoloader\Autoloader.php(271): CodeIgniter\Autoloader\Autoloader->loadInNamespace('Config\\Filters')
 3 [internal function]: CodeIgniter\Autoloader\Autoloader->loadClass('Config\\Filters')
 4 SYSTEMPATH\Config\Factories.php(298): class_exists('Config\\Filters')
 5 SYSTEMPATH\Config\Factories.php(217): CodeIgniter\Config\Factories::locateClass([...], 'Config\\Filters')
 6 SYSTEMPATH\Config\Factories.php(160): CodeIgniter\Config\Factories::getDefinedInstance([...], 'Config\\Filters', [])
 7 SYSTEMPATH\Config\Factories.php(189): CodeIgniter\Config\Factories::__callStatic('config', [])
 8 SYSTEMPATH\Common.php(208): CodeIgniter\Config\Factories::get('config', 'Config\\Filters')
 9 SYSTEMPATH\Config\Services.php(295): config('Config\\Filters')
10 SYSTEMPATH\Config\BaseService.php(312): CodeIgniter\Config\Services::filters(null, false)
11 SYSTEMPATH\Config\BaseService.php(251): CodeIgniter\Config\BaseService::__callStatic('filters', [...])
12 SYSTEMPATH\Config\Services.php(292): CodeIgniter\Config\BaseService::getSharedInstance('filters', null)
13 SYSTEMPATH\Config\BaseService.php(321): CodeIgniter\Config\Services::filters()
14 SYSTEMPATH\CodeIgniter.php(345): CodeIgniter\Config\BaseService::__callStatic('filters', [])
15 SYSTEMPATH\Boot.php(363): CodeIgniter\CodeIgniter->run()
16 SYSTEMPATH\Boot.php(68): CodeIgniter\Boot::runCodeIgniter(Object(CodeIgniter\CodeIgniter))
17 FCPATH\index.php(59): CodeIgniter\Boot::bootWeb(Object(Config\Paths))
CRITICAL - 2025-09-01 02:09:49 --> ParseError: syntax error, unexpected token "<<", expecting "]"
[Method: GET, Route: /]
in APPPATH\Config\Filters.php on line 37.
 1 SYSTEMPATH\Autoloader\Autoloader.php(295): CodeIgniter\Autoloader\Autoloader->includeFile('C:\\xampp\\htdocs\\HMS\\app\\Config\\Filters.php')
 2 SYSTEMPATH\Autoloader\Autoloader.php(271): CodeIgniter\Autoloader\Autoloader->loadInNamespace('Config\\Filters')
 3 [internal function]: CodeIgniter\Autoloader\Autoloader->loadClass('Config\\Filters')
 4 SYSTEMPATH\Config\Factories.php(298): class_exists('Config\\Filters')
 5 SYSTEMPATH\Config\Factories.php(217): CodeIgniter\Config\Factories::locateClass([...], 'Config\\Filters')
 6 SYSTEMPATH\Config\Factories.php(160): CodeIgniter\Config\Factories::getDefinedInstance([...], 'Config\\Filters', [])
 7 SYSTEMPATH\Config\Factories.php(189): CodeIgniter\Config\Factories::__callStatic('config', [])
 8 SYSTEMPATH\Common.php(208): CodeIgniter\Config\Factories::get('config', 'Config\\Filters')
 9 SYSTEMPATH\Config\Services.php(295): config('Config\\Filters')
10 SYSTEMPATH\Config\BaseService.php(312): CodeIgniter\Config\Services::filters(null, false)
11 SYSTEMPATH\Config\BaseService.php(251): CodeIgniter\Config\BaseService::__callStatic('filters', [...])
12 SYSTEMPATH\Config\Services.php(292): CodeIgniter\Config\BaseService::getSharedInstance('filters', null)
13 SYSTEMPATH\Config\BaseService.php(321): CodeIgniter\Config\Services::filters()
14 SYSTEMPATH\CodeIgniter.php(345): CodeIgniter\Config\BaseService::__callStatic('filters', [])
15 SYSTEMPATH\Boot.php(363): CodeIgniter\CodeIgniter->run()
16 SYSTEMPATH\Boot.php(68): CodeIgniter\Boot::runCodeIgniter(Object(CodeIgniter\CodeIgniter))
17 FCPATH\index.php(59): CodeIgniter\Boot::bootWeb(Object(Config\Paths))
CRITICAL - 2025-09-01 02:09:50 --> ParseError: syntax error, unexpected token "<<", expecting "]"
[Method: GET, Route: /]
in APPPATH\Config\Filters.php on line 37.
 1 SYSTEMPATH\Autoloader\Autoloader.php(295): CodeIgniter\Autoloader\Autoloader->includeFile('C:\\xampp\\htdocs\\HMS\\app\\Config\\Filters.php')
 2 SYSTEMPATH\Autoloader\Autoloader.php(271): CodeIgniter\Autoloader\Autoloader->loadInNamespace('Config\\Filters')
 3 [internal function]: CodeIgniter\Autoloader\Autoloader->loadClass('Config\\Filters')
 4 SYSTEMPATH\Config\Factories.php(298): class_exists('Config\\Filters')
 5 SYSTEMPATH\Config\Factories.php(217): CodeIgniter\Config\Factories::locateClass([...], 'Config\\Filters')
 6 SYSTEMPATH\Config\Factories.php(160): CodeIgniter\Config\Factories::getDefinedInstance([...], 'Config\\Filters', [])
 7 SYSTEMPATH\Config\Factories.php(189): CodeIgniter\Config\Factories::__callStatic('config', [])
 8 SYSTEMPATH\Common.php(208): CodeIgniter\Config\Factories::get('config', 'Config\\Filters')
 9 SYSTEMPATH\Config\Services.php(295): config('Config\\Filters')
10 SYSTEMPATH\Config\BaseService.php(312): CodeIgniter\Config\Services::filters(null, false)
11 SYSTEMPATH\Config\BaseService.php(251): CodeIgniter\Config\BaseService::__callStatic('filters', [...])
12 SYSTEMPATH\Config\Services.php(292): CodeIgniter\Config\BaseService::getSharedInstance('filters', null)
13 SYSTEMPATH\Config\BaseService.php(321): CodeIgniter\Config\Services::filters()
14 SYSTEMPATH\CodeIgniter.php(345): CodeIgniter\Config\BaseService::__callStatic('filters', [])
15 SYSTEMPATH\Boot.php(363): CodeIgniter\CodeIgniter->run()
16 SYSTEMPATH\Boot.php(68): CodeIgniter\Boot::runCodeIgniter(Object(CodeIgniter\CodeIgniter))
17 FCPATH\index.php(59): CodeIgniter\Boot::bootWeb(Object(Config\Paths))
CRITICAL - 2025-09-01 02:10:39 --> ParseError: syntax error, unexpected token "<<", expecting "]"
[Method: GET, Route: /]
in APPPATH\Config\Filters.php on line 37.
 1 SYSTEMPATH\Autoloader\Autoloader.php(295): CodeIgniter\Autoloader\Autoloader->includeFile('C:\\xampp\\htdocs\\HMS\\app\\Config\\Filters.php')
 2 SYSTEMPATH\Autoloader\Autoloader.php(271): CodeIgniter\Autoloader\Autoloader->loadInNamespace('Config\\Filters')
 3 [internal function]: CodeIgniter\Autoloader\Autoloader->loadClass('Config\\Filters')
 4 SYSTEMPATH\Config\Factories.php(298): class_exists('Config\\Filters')
 5 SYSTEMPATH\Config\Factories.php(217): CodeIgniter\Config\Factories::locateClass([...], 'Config\\Filters')
 6 SYSTEMPATH\Config\Factories.php(160): CodeIgniter\Config\Factories::getDefinedInstance([...], 'Config\\Filters', [])
 7 SYSTEMPATH\Config\Factories.php(189): CodeIgniter\Config\Factories::__callStatic('config', [])
 8 SYSTEMPATH\Common.php(208): CodeIgniter\Config\Factories::get('config', 'Config\\Filters')
 9 SYSTEMPATH\Config\Services.php(295): config('Config\\Filters')
10 SYSTEMPATH\Config\BaseService.php(312): CodeIgniter\Config\Services::filters(null, false)
11 SYSTEMPATH\Config\BaseService.php(251): CodeIgniter\Config\BaseService::__callStatic('filters', [...])
12 SYSTEMPATH\Config\Services.php(292): CodeIgniter\Config\BaseService::getSharedInstance('filters', null)
13 SYSTEMPATH\Config\BaseService.php(321): CodeIgniter\Config\Services::filters()
14 SYSTEMPATH\CodeIgniter.php(345): CodeIgniter\Config\BaseService::__callStatic('filters', [])
15 SYSTEMPATH\Boot.php(363): CodeIgniter\CodeIgniter->run()
16 SYSTEMPATH\Boot.php(68): CodeIgniter\Boot::runCodeIgniter(Object(CodeIgniter\CodeIgniter))
17 FCPATH\index.php(59): CodeIgniter\Boot::bootWeb(Object(Config\Paths))
CRITICAL - 2025-09-01 02:10:39 --> ParseError: syntax error, unexpected token "<<", expecting "]"
[Method: GET, Route: /]
in APPPATH\Config\Filters.php on line 37.
 1 SYSTEMPATH\Autoloader\Autoloader.php(295): CodeIgniter\Autoloader\Autoloader->includeFile('C:\\xampp\\htdocs\\HMS\\app\\Config\\Filters.php')
 2 SYSTEMPATH\Autoloader\Autoloader.php(271): CodeIgniter\Autoloader\Autoloader->loadInNamespace('Config\\Filters')
 3 [internal function]: CodeIgniter\Autoloader\Autoloader->loadClass('Config\\Filters')
 4 SYSTEMPATH\Config\Factories.php(298): class_exists('Config\\Filters')
 5 SYSTEMPATH\Config\Factories.php(217): CodeIgniter\Config\Factories::locateClass([...], 'Config\\Filters')
 6 SYSTEMPATH\Config\Factories.php(160): CodeIgniter\Config\Factories::getDefinedInstance([...], 'Config\\Filters', [])
 7 SYSTEMPATH\Config\Factories.php(189): CodeIgniter\Config\Factories::__callStatic('config', [])
 8 SYSTEMPATH\Common.php(208): CodeIgniter\Config\Factories::get('config', 'Config\\Filters')
 9 SYSTEMPATH\Config\Services.php(295): config('Config\\Filters')
10 SYSTEMPATH\Config\BaseService.php(312): CodeIgniter\Config\Services::filters(null, false)
11 SYSTEMPATH\Config\BaseService.php(251): CodeIgniter\Config\BaseService::__callStatic('filters', [...])
12 SYSTEMPATH\Config\Services.php(292): CodeIgniter\Config\BaseService::getSharedInstance('filters', null)
13 SYSTEMPATH\Config\BaseService.php(321): CodeIgniter\Config\Services::filters()
14 SYSTEMPATH\CodeIgniter.php(345): CodeIgniter\Config\BaseService::__callStatic('filters', [])
15 SYSTEMPATH\Boot.php(363): CodeIgniter\CodeIgniter->run()
16 SYSTEMPATH\Boot.php(68): CodeIgniter\Boot::runCodeIgniter(Object(CodeIgniter\CodeIgniter))
17 FCPATH\index.php(59): CodeIgniter\Boot::bootWeb(Object(Config\Paths))
CRITICAL - 2025-09-01 02:14:01 --> ParseError: syntax error, unexpected token "<<", expecting "]"
[Method: GET, Route: /]
in APPPATH\Config\Filters.php on line 37.
 1 SYSTEMPATH\Autoloader\Autoloader.php(295): CodeIgniter\Autoloader\Autoloader->includeFile('C:\\xampp\\htdocs\\HMS\\app\\Config\\Filters.php')
 2 SYSTEMPATH\Autoloader\Autoloader.php(271): CodeIgniter\Autoloader\Autoloader->loadInNamespace('Config\\Filters')
 3 [internal function]: CodeIgniter\Autoloader\Autoloader->loadClass('Config\\Filters')
 4 SYSTEMPATH\Config\Factories.php(298): class_exists('Config\\Filters')
 5 SYSTEMPATH\Config\Factories.php(217): CodeIgniter\Config\Factories::locateClass([...], 'Config\\Filters')
 6 SYSTEMPATH\Config\Factories.php(160): CodeIgniter\Config\Factories::getDefinedInstance([...], 'Config\\Filters', [])
 7 SYSTEMPATH\Config\Factories.php(189): CodeIgniter\Config\Factories::__callStatic('config', [])
 8 SYSTEMPATH\Common.php(208): CodeIgniter\Config\Factories::get('config', 'Config\\Filters')
 9 SYSTEMPATH\Config\Services.php(295): config('Config\\Filters')
10 SYSTEMPATH\Config\BaseService.php(312): CodeIgniter\Config\Services::filters(null, false)
11 SYSTEMPATH\Config\BaseService.php(251): CodeIgniter\Config\BaseService::__callStatic('filters', [...])
12 SYSTEMPATH\Config\Services.php(292): CodeIgniter\Config\BaseService::getSharedInstance('filters', null)
13 SYSTEMPATH\Config\BaseService.php(321): CodeIgniter\Config\Services::filters()
14 SYSTEMPATH\CodeIgniter.php(345): CodeIgniter\Config\BaseService::__callStatic('filters', [])
15 SYSTEMPATH\Boot.php(363): CodeIgniter\CodeIgniter->run()
16 SYSTEMPATH\Boot.php(68): CodeIgniter\Boot::runCodeIgniter(Object(CodeIgniter\CodeIgniter))
17 FCPATH\index.php(59): CodeIgniter\Boot::bootWeb(Object(Config\Paths))
CRITICAL - 2025-09-01 02:17:03 --> ParseError: syntax error, unexpected token "<<", expecting "]"
[Method: GET, Route: /]
in APPPATH\Config\Database.php on line 30.
 1 SYSTEMPATH\Autoloader\Autoloader.php(295): CodeIgniter\Autoloader\Autoloader->includeFile('C:\\xampp\\htdocs\\HMS\\app\\Config\\Database.php')
 2 SYSTEMPATH\Autoloader\Autoloader.php(271): CodeIgniter\Autoloader\Autoloader->loadInNamespace('Config\\Database')
 3 SYSTEMPATH\Debug\Toolbar\Collectors\Database.php(258): CodeIgniter\Autoloader\Autoloader->loadClass('Config\\Database')
 4 SYSTEMPATH\Debug\Toolbar\Collectors\Database.php(75): CodeIgniter\Debug\Toolbar\Collectors\Database->getConnections()
 5 SYSTEMPATH\Debug\Toolbar.php(67): CodeIgniter\Debug\Toolbar\Collectors\Database->__construct()
 6 SYSTEMPATH\Config\Services.php(801): CodeIgniter\Debug\Toolbar->__construct(Object(Config\Toolbar))
 7 SYSTEMPATH\Config\BaseService.php(312): CodeIgniter\Config\Services::toolbar(Object(Config\Toolbar), false)
 8 SYSTEMPATH\Config\BaseService.php(251): CodeIgniter\Config\BaseService::__callStatic('toolbar', [...])
 9 SYSTEMPATH\Config\Services.php(796): CodeIgniter\Config\BaseService::getSharedInstance('toolbar', null)
10 SYSTEMPATH\Config\BaseService.php(321): CodeIgniter\Config\Services::toolbar()
11 SYSTEMPATH\Config\BaseService.php(202): CodeIgniter\Config\BaseService::__callStatic('toolbar', [])
12 SYSTEMPATH\Common.php(995): CodeIgniter\Config\BaseService::get('toolbar')
13 APPPATH\Config\Events.php(47): service('toolbar')
14 SYSTEMPATH\Events\Events.php(152): CodeIgniter\Events\Events::Config\{closure}()
15 SYSTEMPATH\CodeIgniter.php(339): CodeIgniter\Events\Events::trigger('pre_system')
16 SYSTEMPATH\Boot.php(363): CodeIgniter\CodeIgniter->run()
17 SYSTEMPATH\Boot.php(68): CodeIgniter\Boot::runCodeIgniter(Object(CodeIgniter\CodeIgniter))
18 FCPATH\index.php(59): CodeIgniter\Boot::bootWeb(Object(Config\Paths))
CRITICAL - 2025-09-01 02:18:31 --> ParseError: syntax error, unexpected token "<<", expecting end of file
[Method: GET, Route: /]
in APPPATH\Config\Routes.php on line 10.
 1 SYSTEMPATH\CodeIgniter.php(821): CodeIgniter\Router\RouteCollection->loadRoutes()
 2 SYSTEMPATH\CodeIgniter.php(455): CodeIgniter\CodeIgniter->tryToRouteIt(null)
 3 SYSTEMPATH\CodeIgniter.php(354): CodeIgniter\CodeIgniter->handleRequest(null, Object(Config\Cache), false)
 4 SYSTEMPATH\Boot.php(363): CodeIgniter\CodeIgniter->run()
 5 SYSTEMPATH\Boot.php(68): CodeIgniter\Boot::runCodeIgniter(Object(CodeIgniter\CodeIgniter))
 6 FCPATH\index.php(59): CodeIgniter\Boot::bootWeb(Object(Config\Paths))
CRITICAL - 2025-09-01 02:19:46 --> ParseError: syntax error, unexpected token "<<", expecting end of file
[Method: GET, Route: /]
in APPPATH\Config\Routes.php on line 10.
 1 SYSTEMPATH\CodeIgniter.php(821): CodeIgniter\Router\RouteCollection->loadRoutes()
 2 SYSTEMPATH\CodeIgniter.php(455): CodeIgniter\CodeIgniter->tryToRouteIt(null)
 3 SYSTEMPATH\CodeIgniter.php(354): CodeIgniter\CodeIgniter->handleRequest(null, Object(Config\Cache), false)
 4 SYSTEMPATH\Boot.php(363): CodeIgniter\CodeIgniter->run()
 5 SYSTEMPATH\Boot.php(68): CodeIgniter\Boot::runCodeIgniter(Object(CodeIgniter\CodeIgniter))
 6 FCPATH\index.php(59): CodeIgniter\Boot::bootWeb(Object(Config\Paths))
CRITICAL - 2025-09-01 02:19:47 --> ParseError: syntax error, unexpected token "<<", expecting end of file
[Method: GET, Route: /]
in APPPATH\Config\Routes.php on line 10.
 1 SYSTEMPATH\CodeIgniter.php(821): CodeIgniter\Router\RouteCollection->loadRoutes()
 2 SYSTEMPATH\CodeIgniter.php(455): CodeIgniter\CodeIgniter->tryToRouteIt(null)
 3 SYSTEMPATH\CodeIgniter.php(354): CodeIgniter\CodeIgniter->handleRequest(null, Object(Config\Cache), false)
 4 SYSTEMPATH\Boot.php(363): CodeIgniter\CodeIgniter->run()
 5 SYSTEMPATH\Boot.php(68): CodeIgniter\Boot::runCodeIgniter(Object(CodeIgniter\CodeIgniter))
 6 FCPATH\index.php(59): CodeIgniter\Boot::bootWeb(Object(Config\Paths))
CRITICAL - 2025-09-01 02:20:00 --> ParseError: syntax error, unexpected token "<<", expecting end of file
[Method: GET, Route: /]
in APPPATH\Config\Routes.php on line 10.
 1 SYSTEMPATH\CodeIgniter.php(821): CodeIgniter\Router\RouteCollection->loadRoutes()
 2 SYSTEMPATH\CodeIgniter.php(455): CodeIgniter\CodeIgniter->tryToRouteIt(null)
 3 SYSTEMPATH\CodeIgniter.php(354): CodeIgniter\CodeIgniter->handleRequest(null, Object(Config\Cache), false)
 4 SYSTEMPATH\Boot.php(363): CodeIgniter\CodeIgniter->run()
 5 SYSTEMPATH\Boot.php(68): CodeIgniter\Boot::runCodeIgniter(Object(CodeIgniter\CodeIgniter))
 6 FCPATH\index.php(59): CodeIgniter\Boot::bootWeb(Object(Config\Paths))
CRITICAL - 2025-09-01 02:20:01 --> ParseError: syntax error, unexpected token "<<", expecting end of file
[Method: GET, Route: /]
in APPPATH\Config\Routes.php on line 10.
 1 SYSTEMPATH\CodeIgniter.php(821): CodeIgniter\Router\RouteCollection->loadRoutes()
 2 SYSTEMPATH\CodeIgniter.php(455): CodeIgniter\CodeIgniter->tryToRouteIt(null)
 3 SYSTEMPATH\CodeIgniter.php(354): CodeIgniter\CodeIgniter->handleRequest(null, Object(Config\Cache), false)
 4 SYSTEMPATH\Boot.php(363): CodeIgniter\CodeIgniter->run()
 5 SYSTEMPATH\Boot.php(68): CodeIgniter\Boot::runCodeIgniter(Object(CodeIgniter\CodeIgniter))
 6 FCPATH\index.php(59): CodeIgniter\Boot::bootWeb(Object(Config\Paths))
CRITICAL - 2025-09-01 02:39:00 --> ParseError: syntax error, unexpected identifier "dc0c9b022abb6f0feca36ea29ea8f5...", expecting "]"
[Method: GET, Route: login]
in APPPATH\Config\Database.php on line 32.
 1 SYSTEMPATH\Autoloader\Autoloader.php(295): CodeIgniter\Autoloader\Autoloader->includeFile('C:\\xampp\\htdocs\\HMS\\app\\Config\\Database.php')
 2 SYSTEMPATH\Autoloader\Autoloader.php(271): CodeIgniter\Autoloader\Autoloader->loadInNamespace('Config\\Database')
 3 SYSTEMPATH\Debug\Toolbar\Collectors\Database.php(258): CodeIgniter\Autoloader\Autoloader->loadClass('Config\\Database')
 4 SYSTEMPATH\Debug\Toolbar\Collectors\Database.php(75): CodeIgniter\Debug\Toolbar\Collectors\Database->getConnections()
 5 SYSTEMPATH\Debug\Toolbar.php(67): CodeIgniter\Debug\Toolbar\Collectors\Database->__construct()
 6 SYSTEMPATH\Config\Services.php(801): CodeIgniter\Debug\Toolbar->__construct(Object(Config\Toolbar))
 7 SYSTEMPATH\Config\BaseService.php(312): CodeIgniter\Config\Services::toolbar(Object(Config\Toolbar), false)
 8 SYSTEMPATH\Config\BaseService.php(251): CodeIgniter\Config\BaseService::__callStatic('toolbar', [...])
 9 SYSTEMPATH\Config\Services.php(796): CodeIgniter\Config\BaseService::getSharedInstance('toolbar', null)
10 SYSTEMPATH\Config\BaseService.php(321): CodeIgniter\Config\Services::toolbar()
11 SYSTEMPATH\Config\BaseService.php(202): CodeIgniter\Config\BaseService::__callStatic('toolbar', [])
12 SYSTEMPATH\Common.php(995): CodeIgniter\Config\BaseService::get('toolbar')
13 APPPATH\Config\Events.php(47): service('toolbar')
14 SYSTEMPATH\Events\Events.php(152): CodeIgniter\Events\Events::Config\{closure}()
15 SYSTEMPATH\CodeIgniter.php(339): CodeIgniter\Events\Events::trigger('pre_system')
16 SYSTEMPATH\Boot.php(363): CodeIgniter\CodeIgniter->run()
17 SYSTEMPATH\Boot.php(68): CodeIgniter\Boot::runCodeIgniter(Object(CodeIgniter\CodeIgniter))
18 FCPATH\index.php(59): CodeIgniter\Boot::bootWeb(Object(Config\Paths))
CRITICAL - 2025-09-01 02:39:01 --> ParseError: syntax error, unexpected identifier "dc0c9b022abb6f0feca36ea29ea8f5...", expecting "]"
[Method: GET, Route: login]
in APPPATH\Config\Database.php on line 32.
 1 SYSTEMPATH\Autoloader\Autoloader.php(295): CodeIgniter\Autoloader\Autoloader->includeFile('C:\\xampp\\htdocs\\HMS\\app\\Config\\Database.php')
 2 SYSTEMPATH\Autoloader\Autoloader.php(271): CodeIgniter\Autoloader\Autoloader->loadInNamespace('Config\\Database')
 3 SYSTEMPATH\Debug\Toolbar\Collectors\Database.php(258): CodeIgniter\Autoloader\Autoloader->loadClass('Config\\Database')
 4 SYSTEMPATH\Debug\Toolbar\Collectors\Database.php(75): CodeIgniter\Debug\Toolbar\Collectors\Database->getConnections()
 5 SYSTEMPATH\Debug\Toolbar.php(67): CodeIgniter\Debug\Toolbar\Collectors\Database->__construct()
 6 SYSTEMPATH\Config\Services.php(801): CodeIgniter\Debug\Toolbar->__construct(Object(Config\Toolbar))
 7 SYSTEMPATH\Config\BaseService.php(312): CodeIgniter\Config\Services::toolbar(Object(Config\Toolbar), false)
 8 SYSTEMPATH\Config\BaseService.php(251): CodeIgniter\Config\BaseService::__callStatic('toolbar', [...])
 9 SYSTEMPATH\Config\Services.php(796): CodeIgniter\Config\BaseService::getSharedInstance('toolbar', null)
10 SYSTEMPATH\Config\BaseService.php(321): CodeIgniter\Config\Services::toolbar()
11 SYSTEMPATH\Config\BaseService.php(202): CodeIgniter\Config\BaseService::__callStatic('toolbar', [])
12 SYSTEMPATH\Common.php(995): CodeIgniter\Config\BaseService::get('toolbar')
13 APPPATH\Config\Events.php(47): service('toolbar')
14 SYSTEMPATH\Events\Events.php(152): CodeIgniter\Events\Events::Config\{closure}()
15 SYSTEMPATH\CodeIgniter.php(339): CodeIgniter\Events\Events::trigger('pre_system')
16 SYSTEMPATH\Boot.php(363): CodeIgniter\CodeIgniter->run()
17 SYSTEMPATH\Boot.php(68): CodeIgniter\Boot::runCodeIgniter(Object(CodeIgniter\CodeIgniter))
18 FCPATH\index.php(59): CodeIgniter\Boot::bootWeb(Object(Config\Paths))
CRITICAL - 2025-09-01 02:40:15 --> ParseError: syntax error, unexpected identifier "dc0c9b022abb6f0feca36ea29ea8f5..."
[Method: GET, Route: /]
in APPPATH\Controllers\Pages.php on line 22.
 1 SYSTEMPATH\Autoloader\Autoloader.php(295): CodeIgniter\Autoloader\Autoloader->includeFile('C:\\xampp\\htdocs\\HMS\\app\\Controllers\\Pages.php')
 2 SYSTEMPATH\Autoloader\Autoloader.php(271): CodeIgniter\Autoloader\Autoloader->loadInNamespace('App\\Controllers\\Pages')
 3 [internal function]: CodeIgniter\Autoloader\Autoloader->loadClass('App\\Controllers\\Pages')
 4 SYSTEMPATH\CodeIgniter.php(885): class_exists('\\App\\Controllers\\Pages', true)
 5 SYSTEMPATH\CodeIgniter.php(494): CodeIgniter\CodeIgniter->startController()
 6 SYSTEMPATH\CodeIgniter.php(354): CodeIgniter\CodeIgniter->handleRequest(null, Object(Config\Cache), false)
 7 SYSTEMPATH\Boot.php(363): CodeIgniter\CodeIgniter->run()
 8 SYSTEMPATH\Boot.php(68): CodeIgniter\Boot::runCodeIgniter(Object(CodeIgniter\CodeIgniter))
 9 FCPATH\index.php(59): CodeIgniter\Boot::bootWeb(Object(Config\Paths))
CRITICAL - 2025-09-01 05:00:14 --> CodeIgniter\View\Exceptions\ViewException: Invalid file: "dashboard/records.php"
[Method: GET, Route: records]
in SYSTEMPATH\Exceptions\FrameworkException.php on line 39.
 1 SYSTEMPATH\View\View.php(214): CodeIgniter\Exceptions\FrameworkException::forInvalidFile('dashboard/records.php')
 2 SYSTEMPATH\Common.php(1167): CodeIgniter\View\View->render('dashboard/records', [], true)
 3 APPPATH\Controllers\Pages.php(83): view('dashboard/records', [...])
 4 SYSTEMPATH\CodeIgniter.php(933): App\Controllers\Pages->records()
 5 SYSTEMPATH\CodeIgniter.php(507): CodeIgniter\CodeIgniter->runController(Object(App\Controllers\Pages))
 6 SYSTEMPATH\CodeIgniter.php(354): CodeIgniter\CodeIgniter->handleRequest(null, Object(Config\Cache), false)
 7 SYSTEMPATH\Boot.php(363): CodeIgniter\CodeIgniter->run()
 8 SYSTEMPATH\Boot.php(68): CodeIgniter\Boot::runCodeIgniter(Object(CodeIgniter\CodeIgniter))
 9 FCPATH\index.php(59): CodeIgniter\Boot::bootWeb(Object(Config\Paths))
10 SYSTEMPATH\rewrite.php(44): require_once('C:\\xampp\\htdocs\\HMS G1\\HMS\\public\\index.php')
CRITICAL - 2025-09-01 05:00:17 --> CodeIgniter\View\Exceptions\ViewException: Invalid file: "dashboard/records.php"
[Method: GET, Route: records]
in SYSTEMPATH\Exceptions\FrameworkException.php on line 39.
 1 SYSTEMPATH\View\View.php(214): CodeIgniter\Exceptions\FrameworkException::forInvalidFile('dashboard/records.php')
 2 SYSTEMPATH\Common.php(1167): CodeIgniter\View\View->render('dashboard/records', [], true)
 3 APPPATH\Controllers\Pages.php(83): view('dashboard/records', [...])
 4 SYSTEMPATH\CodeIgniter.php(933): App\Controllers\Pages->records()
 5 SYSTEMPATH\CodeIgniter.php(507): CodeIgniter\CodeIgniter->runController(Object(App\Controllers\Pages))
 6 SYSTEMPATH\CodeIgniter.php(354): CodeIgniter\CodeIgniter->handleRequest(null, Object(Config\Cache), false)
 7 SYSTEMPATH\Boot.php(363): CodeIgniter\CodeIgniter->run()
 8 SYSTEMPATH\Boot.php(68): CodeIgniter\Boot::runCodeIgniter(Object(CodeIgniter\CodeIgniter))
 9 FCPATH\index.php(59): CodeIgniter\Boot::bootWeb(Object(Config\Paths))
10 SYSTEMPATH\rewrite.php(44): require_once('C:\\xampp\\htdocs\\HMS G1\\HMS\\public\\index.php')
CRITICAL - 2025-09-01 05:00:26 --> CodeIgniter\View\Exceptions\ViewException: Invalid file: "dashboard/records.php"
[Method: GET, Route: records]
in SYSTEMPATH\Exceptions\FrameworkException.php on line 39.
 1 SYSTEMPATH\View\View.php(214): CodeIgniter\Exceptions\FrameworkException::forInvalidFile('dashboard/records.php')
 2 SYSTEMPATH\Common.php(1167): CodeIgniter\View\View->render('dashboard/records', [], true)
 3 APPPATH\Controllers\Pages.php(83): view('dashboard/records', [...])
 4 SYSTEMPATH\CodeIgniter.php(933): App\Controllers\Pages->records()
 5 SYSTEMPATH\CodeIgniter.php(507): CodeIgniter\CodeIgniter->runController(Object(App\Controllers\Pages))
 6 SYSTEMPATH\CodeIgniter.php(354): CodeIgniter\CodeIgniter->handleRequest(null, Object(Config\Cache), false)
 7 SYSTEMPATH\Boot.php(363): CodeIgniter\CodeIgniter->run()
 8 SYSTEMPATH\Boot.php(68): CodeIgniter\Boot::runCodeIgniter(Object(CodeIgniter\CodeIgniter))
 9 FCPATH\index.php(59): CodeIgniter\Boot::bootWeb(Object(Config\Paths))
10 SYSTEMPATH\rewrite.php(44): require_once('C:\\xampp\\htdocs\\HMS G1\\HMS\\public\\index.php')
