CRITICAL - 2025-09-27 02:33:26 --> CodeIgniter\View\Exceptions\ViewException: Invalid file: "admin/sidebar.php"
[Method: GET, Route: dashboard/admin]
in SYSTEMPATH\Exceptions\FrameworkException.php on line 39.
 1 SYSTEMPATH\View\View.php(214): CodeIgniter\Exceptions\FrameworkException::forInvalidFile('admin/sidebar.php')
 2 SYSTEMPATH\View\View.php(475): CodeIgniter\View\View->render('admin/sidebar', null, true)
 3 APPPATH\Views\admin\dashboard.php(1): CodeIgniter\View\View->include('admin/sidebar')
 4 SYSTEMPATH\View\View.php(226): include('C:\\xampp\\htdocs\\HMS\\app\\Views\\admin\\dashboard.php')
 5 SYSTEMPATH\View\View.php(229): CodeIgniter\View\View->CodeIgniter\View\{closure}()
 6 SYSTEMPATH\Common.php(1167): CodeIgniter\View\View->render('admin/dashboard', [], true)
 7 APPPATH\Controllers\Admin.php(113): view('admin/dashboard', [...])
 8 SYSTEMPATH\CodeIgniter.php(933): App\Controllers\Admin->dashboard()
 9 SYSTEMPATH\CodeIgniter.php(507): CodeIgniter\CodeIgniter->runController(Object(App\Controllers\Admin))
10 SYSTEMPATH\CodeIgniter.php(354): CodeIgniter\CodeIgniter->handleRequest(null, Object(Config\Cache), false)
11 SYSTEMPATH\Boot.php(363): CodeIgniter\CodeIgniter->run()
12 SYSTEMPATH\Boot.php(68): CodeIgniter\Boot::runCodeIgniter(Object(CodeIgniter\CodeIgniter))
13 FCPATH\index.php(59): CodeIgniter\Boot::bootWeb(Object(Config\Paths))
CRITICAL - 2025-09-27 02:33:43 --> CodeIgniter\View\Exceptions\ViewException: Invalid file: "admin/sidebar.php"
[Method: GET, Route: dashboard/admin]
in SYSTEMPATH\Exceptions\FrameworkException.php on line 39.
 1 SYSTEMPATH\View\View.php(214): CodeIgniter\Exceptions\FrameworkException::forInvalidFile('admin/sidebar.php')
 2 SYSTEMPATH\View\View.php(475): CodeIgniter\View\View->render('admin/sidebar', null, true)
 3 APPPATH\Views\admin\dashboard.php(1): CodeIgniter\View\View->include('admin/sidebar')
 4 SYSTEMPATH\View\View.php(226): include('C:\\xampp\\htdocs\\HMS\\app\\Views\\admin\\dashboard.php')
 5 SYSTEMPATH\View\View.php(229): CodeIgniter\View\View->CodeIgniter\View\{closure}()
 6 SYSTEMPATH\Common.php(1167): CodeIgniter\View\View->render('admin/dashboard', [], true)
 7 APPPATH\Controllers\Admin.php(113): view('admin/dashboard', [...])
 8 SYSTEMPATH\CodeIgniter.php(933): App\Controllers\Admin->dashboard()
 9 SYSTEMPATH\CodeIgniter.php(507): CodeIgniter\CodeIgniter->runController(Object(App\Controllers\Admin))
10 SYSTEMPATH\CodeIgniter.php(354): CodeIgniter\CodeIgniter->handleRequest(null, Object(Config\Cache), false)
11 SYSTEMPATH\Boot.php(363): CodeIgniter\CodeIgniter->run()
12 SYSTEMPATH\Boot.php(68): CodeIgniter\Boot::runCodeIgniter(Object(CodeIgniter\CodeIgniter))
13 FCPATH\index.php(59): CodeIgniter\Boot::bootWeb(Object(Config\Paths))
CRITICAL - 2025-09-27 02:33:47 --> CodeIgniter\View\Exceptions\ViewException: Invalid file: "admin/sidebar.php"
[Method: GET, Route: dashboard/admin]
in SYSTEMPATH\Exceptions\FrameworkException.php on line 39.
 1 SYSTEMPATH\View\View.php(214): CodeIgniter\Exceptions\FrameworkException::forInvalidFile('admin/sidebar.php')
 2 SYSTEMPATH\View\View.php(475): CodeIgniter\View\View->render('admin/sidebar', null, true)
 3 APPPATH\Views\admin\dashboard.php(1): CodeIgniter\View\View->include('admin/sidebar')
 4 SYSTEMPATH\View\View.php(226): include('C:\\xampp\\htdocs\\HMS\\app\\Views\\admin\\dashboard.php')
 5 SYSTEMPATH\View\View.php(229): CodeIgniter\View\View->CodeIgniter\View\{closure}()
 6 SYSTEMPATH\Common.php(1167): CodeIgniter\View\View->render('admin/dashboard', [], true)
 7 APPPATH\Controllers\Admin.php(113): view('admin/dashboard', [...])
 8 SYSTEMPATH\CodeIgniter.php(933): App\Controllers\Admin->dashboard()
 9 SYSTEMPATH\CodeIgniter.php(507): CodeIgniter\CodeIgniter->runController(Object(App\Controllers\Admin))
10 SYSTEMPATH\CodeIgniter.php(354): CodeIgniter\CodeIgniter->handleRequest(null, Object(Config\Cache), false)
11 SYSTEMPATH\Boot.php(363): CodeIgniter\CodeIgniter->run()
12 SYSTEMPATH\Boot.php(68): CodeIgniter\Boot::runCodeIgniter(Object(CodeIgniter\CodeIgniter))
13 FCPATH\index.php(59): CodeIgniter\Boot::bootWeb(Object(Config\Paths))
CRITICAL - 2025-09-27 02:33:48 --> CodeIgniter\View\Exceptions\ViewException: Invalid file: "admin/sidebar.php"
[Method: GET, Route: dashboard/admin]
in SYSTEMPATH\Exceptions\FrameworkException.php on line 39.
 1 SYSTEMPATH\View\View.php(214): CodeIgniter\Exceptions\FrameworkException::forInvalidFile('admin/sidebar.php')
 2 SYSTEMPATH\View\View.php(475): CodeIgniter\View\View->render('admin/sidebar', null, true)
 3 APPPATH\Views\admin\dashboard.php(1): CodeIgniter\View\View->include('admin/sidebar')
 4 SYSTEMPATH\View\View.php(226): include('C:\\xampp\\htdocs\\HMS\\app\\Views\\admin\\dashboard.php')
 5 SYSTEMPATH\View\View.php(229): CodeIgniter\View\View->CodeIgniter\View\{closure}()
 6 SYSTEMPATH\Common.php(1167): CodeIgniter\View\View->render('admin/dashboard', [], true)
 7 APPPATH\Controllers\Admin.php(113): view('admin/dashboard', [...])
 8 SYSTEMPATH\CodeIgniter.php(933): App\Controllers\Admin->dashboard()
 9 SYSTEMPATH\CodeIgniter.php(507): CodeIgniter\CodeIgniter->runController(Object(App\Controllers\Admin))
10 SYSTEMPATH\CodeIgniter.php(354): CodeIgniter\CodeIgniter->handleRequest(null, Object(Config\Cache), false)
11 SYSTEMPATH\Boot.php(363): CodeIgniter\CodeIgniter->run()
12 SYSTEMPATH\Boot.php(68): CodeIgniter\Boot::runCodeIgniter(Object(CodeIgniter\CodeIgniter))
13 FCPATH\index.php(59): CodeIgniter\Boot::bootWeb(Object(Config\Paths))
CRITICAL - 2025-09-27 02:33:49 --> CodeIgniter\View\Exceptions\ViewException: Invalid file: "admin/sidebar.php"
[Method: GET, Route: dashboard/admin]
in SYSTEMPATH\Exceptions\FrameworkException.php on line 39.
 1 SYSTEMPATH\View\View.php(214): CodeIgniter\Exceptions\FrameworkException::forInvalidFile('admin/sidebar.php')
 2 SYSTEMPATH\View\View.php(475): CodeIgniter\View\View->render('admin/sidebar', null, true)
 3 APPPATH\Views\admin\dashboard.php(1): CodeIgniter\View\View->include('admin/sidebar')
 4 SYSTEMPATH\View\View.php(226): include('C:\\xampp\\htdocs\\HMS\\app\\Views\\admin\\dashboard.php')
 5 SYSTEMPATH\View\View.php(229): CodeIgniter\View\View->CodeIgniter\View\{closure}()
 6 SYSTEMPATH\Common.php(1167): CodeIgniter\View\View->render('admin/dashboard', [], true)
 7 APPPATH\Controllers\Admin.php(113): view('admin/dashboard', [...])
 8 SYSTEMPATH\CodeIgniter.php(933): App\Controllers\Admin->dashboard()
 9 SYSTEMPATH\CodeIgniter.php(507): CodeIgniter\CodeIgniter->runController(Object(App\Controllers\Admin))
10 SYSTEMPATH\CodeIgniter.php(354): CodeIgniter\CodeIgniter->handleRequest(null, Object(Config\Cache), false)
11 SYSTEMPATH\Boot.php(363): CodeIgniter\CodeIgniter->run()
12 SYSTEMPATH\Boot.php(68): CodeIgniter\Boot::runCodeIgniter(Object(CodeIgniter\CodeIgniter))
13 FCPATH\index.php(59): CodeIgniter\Boot::bootWeb(Object(Config\Paths))
CRITICAL - 2025-09-27 02:33:50 --> CodeIgniter\View\Exceptions\ViewException: Invalid file: "admin/sidebar.php"
[Method: GET, Route: dashboard/admin]
in SYSTEMPATH\Exceptions\FrameworkException.php on line 39.
 1 SYSTEMPATH\View\View.php(214): CodeIgniter\Exceptions\FrameworkException::forInvalidFile('admin/sidebar.php')
 2 SYSTEMPATH\View\View.php(475): CodeIgniter\View\View->render('admin/sidebar', null, true)
 3 APPPATH\Views\admin\dashboard.php(1): CodeIgniter\View\View->include('admin/sidebar')
 4 SYSTEMPATH\View\View.php(226): include('C:\\xampp\\htdocs\\HMS\\app\\Views\\admin\\dashboard.php')
 5 SYSTEMPATH\View\View.php(229): CodeIgniter\View\View->CodeIgniter\View\{closure}()
 6 SYSTEMPATH\Common.php(1167): CodeIgniter\View\View->render('admin/dashboard', [], true)
 7 APPPATH\Controllers\Admin.php(113): view('admin/dashboard', [...])
 8 SYSTEMPATH\CodeIgniter.php(933): App\Controllers\Admin->dashboard()
 9 SYSTEMPATH\CodeIgniter.php(507): CodeIgniter\CodeIgniter->runController(Object(App\Controllers\Admin))
10 SYSTEMPATH\CodeIgniter.php(354): CodeIgniter\CodeIgniter->handleRequest(null, Object(Config\Cache), false)
11 SYSTEMPATH\Boot.php(363): CodeIgniter\CodeIgniter->run()
12 SYSTEMPATH\Boot.php(68): CodeIgniter\Boot::runCodeIgniter(Object(CodeIgniter\CodeIgniter))
13 FCPATH\index.php(59): CodeIgniter\Boot::bootWeb(Object(Config\Paths))
CRITICAL - 2025-09-27 02:33:50 --> CodeIgniter\View\Exceptions\ViewException: Invalid file: "admin/sidebar.php"
[Method: GET, Route: dashboard/admin]
in SYSTEMPATH\Exceptions\FrameworkException.php on line 39.
 1 SYSTEMPATH\View\View.php(214): CodeIgniter\Exceptions\FrameworkException::forInvalidFile('admin/sidebar.php')
 2 SYSTEMPATH\View\View.php(475): CodeIgniter\View\View->render('admin/sidebar', null, true)
 3 APPPATH\Views\admin\dashboard.php(1): CodeIgniter\View\View->include('admin/sidebar')
 4 SYSTEMPATH\View\View.php(226): include('C:\\xampp\\htdocs\\HMS\\app\\Views\\admin\\dashboard.php')
 5 SYSTEMPATH\View\View.php(229): CodeIgniter\View\View->CodeIgniter\View\{closure}()
 6 SYSTEMPATH\Common.php(1167): CodeIgniter\View\View->render('admin/dashboard', [], true)
 7 APPPATH\Controllers\Admin.php(113): view('admin/dashboard', [...])
 8 SYSTEMPATH\CodeIgniter.php(933): App\Controllers\Admin->dashboard()
 9 SYSTEMPATH\CodeIgniter.php(507): CodeIgniter\CodeIgniter->runController(Object(App\Controllers\Admin))
10 SYSTEMPATH\CodeIgniter.php(354): CodeIgniter\CodeIgniter->handleRequest(null, Object(Config\Cache), false)
11 SYSTEMPATH\Boot.php(363): CodeIgniter\CodeIgniter->run()
12 SYSTEMPATH\Boot.php(68): CodeIgniter\Boot::runCodeIgniter(Object(CodeIgniter\CodeIgniter))
13 FCPATH\index.php(59): CodeIgniter\Boot::bootWeb(Object(Config\Paths))
CRITICAL - 2025-09-27 02:33:51 --> CodeIgniter\View\Exceptions\ViewException: Invalid file: "admin/sidebar.php"
[Method: GET, Route: dashboard/admin]
in SYSTEMPATH\Exceptions\FrameworkException.php on line 39.
 1 SYSTEMPATH\View\View.php(214): CodeIgniter\Exceptions\FrameworkException::forInvalidFile('admin/sidebar.php')
 2 SYSTEMPATH\View\View.php(475): CodeIgniter\View\View->render('admin/sidebar', null, true)
 3 APPPATH\Views\admin\dashboard.php(1): CodeIgniter\View\View->include('admin/sidebar')
 4 SYSTEMPATH\View\View.php(226): include('C:\\xampp\\htdocs\\HMS\\app\\Views\\admin\\dashboard.php')
 5 SYSTEMPATH\View\View.php(229): CodeIgniter\View\View->CodeIgniter\View\{closure}()
 6 SYSTEMPATH\Common.php(1167): CodeIgniter\View\View->render('admin/dashboard', [], true)
 7 APPPATH\Controllers\Admin.php(113): view('admin/dashboard', [...])
 8 SYSTEMPATH\CodeIgniter.php(933): App\Controllers\Admin->dashboard()
 9 SYSTEMPATH\CodeIgniter.php(507): CodeIgniter\CodeIgniter->runController(Object(App\Controllers\Admin))
10 SYSTEMPATH\CodeIgniter.php(354): CodeIgniter\CodeIgniter->handleRequest(null, Object(Config\Cache), false)
11 SYSTEMPATH\Boot.php(363): CodeIgniter\CodeIgniter->run()
12 SYSTEMPATH\Boot.php(68): CodeIgniter\Boot::runCodeIgniter(Object(CodeIgniter\CodeIgniter))
13 FCPATH\index.php(59): CodeIgniter\Boot::bootWeb(Object(Config\Paths))
CRITICAL - 2025-09-27 02:33:51 --> CodeIgniter\View\Exceptions\ViewException: Invalid file: "admin/sidebar.php"
[Method: GET, Route: dashboard/admin]
in SYSTEMPATH\Exceptions\FrameworkException.php on line 39.
 1 SYSTEMPATH\View\View.php(214): CodeIgniter\Exceptions\FrameworkException::forInvalidFile('admin/sidebar.php')
 2 SYSTEMPATH\View\View.php(475): CodeIgniter\View\View->render('admin/sidebar', null, true)
 3 APPPATH\Views\admin\dashboard.php(1): CodeIgniter\View\View->include('admin/sidebar')
 4 SYSTEMPATH\View\View.php(226): include('C:\\xampp\\htdocs\\HMS\\app\\Views\\admin\\dashboard.php')
 5 SYSTEMPATH\View\View.php(229): CodeIgniter\View\View->CodeIgniter\View\{closure}()
 6 SYSTEMPATH\Common.php(1167): CodeIgniter\View\View->render('admin/dashboard', [], true)
 7 APPPATH\Controllers\Admin.php(113): view('admin/dashboard', [...])
 8 SYSTEMPATH\CodeIgniter.php(933): App\Controllers\Admin->dashboard()
 9 SYSTEMPATH\CodeIgniter.php(507): CodeIgniter\CodeIgniter->runController(Object(App\Controllers\Admin))
10 SYSTEMPATH\CodeIgniter.php(354): CodeIgniter\CodeIgniter->handleRequest(null, Object(Config\Cache), false)
11 SYSTEMPATH\Boot.php(363): CodeIgniter\CodeIgniter->run()
12 SYSTEMPATH\Boot.php(68): CodeIgniter\Boot::runCodeIgniter(Object(CodeIgniter\CodeIgniter))
13 FCPATH\index.php(59): CodeIgniter\Boot::bootWeb(Object(Config\Paths))
CRITICAL - 2025-09-27 02:33:51 --> CodeIgniter\View\Exceptions\ViewException: Invalid file: "admin/sidebar.php"
[Method: GET, Route: dashboard/admin]
in SYSTEMPATH\Exceptions\FrameworkException.php on line 39.
 1 SYSTEMPATH\View\View.php(214): CodeIgniter\Exceptions\FrameworkException::forInvalidFile('admin/sidebar.php')
 2 SYSTEMPATH\View\View.php(475): CodeIgniter\View\View->render('admin/sidebar', null, true)
 3 APPPATH\Views\admin\dashboard.php(1): CodeIgniter\View\View->include('admin/sidebar')
 4 SYSTEMPATH\View\View.php(226): include('C:\\xampp\\htdocs\\HMS\\app\\Views\\admin\\dashboard.php')
 5 SYSTEMPATH\View\View.php(229): CodeIgniter\View\View->CodeIgniter\View\{closure}()
 6 SYSTEMPATH\Common.php(1167): CodeIgniter\View\View->render('admin/dashboard', [], true)
 7 APPPATH\Controllers\Admin.php(113): view('admin/dashboard', [...])
 8 SYSTEMPATH\CodeIgniter.php(933): App\Controllers\Admin->dashboard()
 9 SYSTEMPATH\CodeIgniter.php(507): CodeIgniter\CodeIgniter->runController(Object(App\Controllers\Admin))
10 SYSTEMPATH\CodeIgniter.php(354): CodeIgniter\CodeIgniter->handleRequest(null, Object(Config\Cache), false)
11 SYSTEMPATH\Boot.php(363): CodeIgniter\CodeIgniter->run()
12 SYSTEMPATH\Boot.php(68): CodeIgniter\Boot::runCodeIgniter(Object(CodeIgniter\CodeIgniter))
13 FCPATH\index.php(59): CodeIgniter\Boot::bootWeb(Object(Config\Paths))
CRITICAL - 2025-09-27 02:33:51 --> CodeIgniter\View\Exceptions\ViewException: Invalid file: "admin/sidebar.php"
[Method: GET, Route: dashboard/admin]
in SYSTEMPATH\Exceptions\FrameworkException.php on line 39.
 1 SYSTEMPATH\View\View.php(214): CodeIgniter\Exceptions\FrameworkException::forInvalidFile('admin/sidebar.php')
 2 SYSTEMPATH\View\View.php(475): CodeIgniter\View\View->render('admin/sidebar', null, true)
 3 APPPATH\Views\admin\dashboard.php(1): CodeIgniter\View\View->include('admin/sidebar')
 4 SYSTEMPATH\View\View.php(226): include('C:\\xampp\\htdocs\\HMS\\app\\Views\\admin\\dashboard.php')
 5 SYSTEMPATH\View\View.php(229): CodeIgniter\View\View->CodeIgniter\View\{closure}()
 6 SYSTEMPATH\Common.php(1167): CodeIgniter\View\View->render('admin/dashboard', [], true)
 7 APPPATH\Controllers\Admin.php(113): view('admin/dashboard', [...])
 8 SYSTEMPATH\CodeIgniter.php(933): App\Controllers\Admin->dashboard()
 9 SYSTEMPATH\CodeIgniter.php(507): CodeIgniter\CodeIgniter->runController(Object(App\Controllers\Admin))
10 SYSTEMPATH\CodeIgniter.php(354): CodeIgniter\CodeIgniter->handleRequest(null, Object(Config\Cache), false)
11 SYSTEMPATH\Boot.php(363): CodeIgniter\CodeIgniter->run()
12 SYSTEMPATH\Boot.php(68): CodeIgniter\Boot::runCodeIgniter(Object(CodeIgniter\CodeIgniter))
13 FCPATH\index.php(59): CodeIgniter\Boot::bootWeb(Object(Config\Paths))
CRITICAL - 2025-09-27 02:33:52 --> CodeIgniter\View\Exceptions\ViewException: Invalid file: "admin/sidebar.php"
[Method: GET, Route: dashboard/admin]
in SYSTEMPATH\Exceptions\FrameworkException.php on line 39.
 1 SYSTEMPATH\View\View.php(214): CodeIgniter\Exceptions\FrameworkException::forInvalidFile('admin/sidebar.php')
 2 SYSTEMPATH\View\View.php(475): CodeIgniter\View\View->render('admin/sidebar', null, true)
 3 APPPATH\Views\admin\dashboard.php(1): CodeIgniter\View\View->include('admin/sidebar')
 4 SYSTEMPATH\View\View.php(226): include('C:\\xampp\\htdocs\\HMS\\app\\Views\\admin\\dashboard.php')
 5 SYSTEMPATH\View\View.php(229): CodeIgniter\View\View->CodeIgniter\View\{closure}()
 6 SYSTEMPATH\Common.php(1167): CodeIgniter\View\View->render('admin/dashboard', [], true)
 7 APPPATH\Controllers\Admin.php(113): view('admin/dashboard', [...])
 8 SYSTEMPATH\CodeIgniter.php(933): App\Controllers\Admin->dashboard()
 9 SYSTEMPATH\CodeIgniter.php(507): CodeIgniter\CodeIgniter->runController(Object(App\Controllers\Admin))
10 SYSTEMPATH\CodeIgniter.php(354): CodeIgniter\CodeIgniter->handleRequest(null, Object(Config\Cache), false)
11 SYSTEMPATH\Boot.php(363): CodeIgniter\CodeIgniter->run()
12 SYSTEMPATH\Boot.php(68): CodeIgniter\Boot::runCodeIgniter(Object(CodeIgniter\CodeIgniter))
13 FCPATH\index.php(59): CodeIgniter\Boot::bootWeb(Object(Config\Paths))
