CRITICAL - 2025-09-21 09:43:46 --> CodeIgniter\View\Exceptions\ViewException: Invalid file: "admin/inventory_list.php"
[Method: GET, Route: admin/inventory]
in SYSTEMPATH\Exceptions\FrameworkException.php on line 39.
 1 SYSTEMPATH\View\View.php(214): CodeIgniter\Exceptions\FrameworkException::forInvalidFile('admin/inventory_list.php')
 2 SYSTEMPATH\Common.php(1167): CodeIgniter\View\View->render('admin/inventory_list', [], true)
 3 APPPATH\Controllers\Admin.php(605): view('admin/inventory_list', [...])
 4 SYSTEMPATH\CodeIgniter.php(933): App\Controllers\Admin->inventory()
 5 SYSTEMPATH\CodeIgniter.php(507): CodeIgniter\CodeIgniter->runController(Object(App\Controllers\Admin))
 6 SYSTEMPATH\CodeIgniter.php(354): CodeIgniter\CodeIgniter->handleRequest(null, Object(Config\Cache), false)
 7 SYSTEMPATH\Boot.php(363): CodeIgniter\CodeIgniter->run()
 8 SYSTEMPATH\Boot.php(68): CodeIgniter\Boot::runCodeIgniter(Object(CodeIgniter\CodeIgniter))
 9 FCPATH\index.php(59): CodeIgniter\Boot::bootWeb(Object(Config\Paths))
CRITICAL - 2025-09-21 09:43:48 --> CodeIgniter\View\Exceptions\ViewException: Invalid file: "admin/medicines_list.php"
[Method: GET, Route: admin/medicines]
in SYSTEMPATH\Exceptions\FrameworkException.php on line 39.
 1 SYSTEMPATH\View\View.php(214): CodeIgniter\Exceptions\FrameworkException::forInvalidFile('admin/medicines_list.php')
 2 SYSTEMPATH\Common.php(1167): CodeIgniter\View\View->render('admin/medicines_list', [], true)
 3 APPPATH\Controllers\Admin.php(578): view('admin/medicines_list', [...])
 4 SYSTEMPATH\CodeIgniter.php(933): App\Controllers\Admin->medicines()
 5 SYSTEMPATH\CodeIgniter.php(507): CodeIgniter\CodeIgniter->runController(Object(App\Controllers\Admin))
 6 SYSTEMPATH\CodeIgniter.php(354): CodeIgniter\CodeIgniter->handleRequest(null, Object(Config\Cache), false)
 7 SYSTEMPATH\Boot.php(363): CodeIgniter\CodeIgniter->run()
 8 SYSTEMPATH\Boot.php(68): CodeIgniter\Boot::runCodeIgniter(Object(CodeIgniter\CodeIgniter))
 9 FCPATH\index.php(59): CodeIgniter\Boot::bootWeb(Object(Config\Paths))
CRITICAL - 2025-09-21 09:43:50 --> CodeIgniter\View\Exceptions\ViewException: Invalid file: "admin/lab_tests_list.php"
[Method: GET, Route: admin/lab-tests]
in SYSTEMPATH\Exceptions\FrameworkException.php on line 39.
 1 SYSTEMPATH\View\View.php(214): CodeIgniter\Exceptions\FrameworkException::forInvalidFile('admin/lab_tests_list.php')
 2 SYSTEMPATH\Common.php(1167): CodeIgniter\View\View->render('admin/lab_tests_list', [], true)
 3 APPPATH\Controllers\Admin.php(553): view('admin/lab_tests_list', [...])
 4 SYSTEMPATH\CodeIgniter.php(933): App\Controllers\Admin->labTests()
 5 SYSTEMPATH\CodeIgniter.php(507): CodeIgniter\CodeIgniter->runController(Object(App\Controllers\Admin))
 6 SYSTEMPATH\CodeIgniter.php(354): CodeIgniter\CodeIgniter->handleRequest(null, Object(Config\Cache), false)
 7 SYSTEMPATH\Boot.php(363): CodeIgniter\CodeIgniter->run()
 8 SYSTEMPATH\Boot.php(68): CodeIgniter\Boot::runCodeIgniter(Object(CodeIgniter\CodeIgniter))
 9 FCPATH\index.php(59): CodeIgniter\Boot::bootWeb(Object(Config\Paths))
CRITICAL - 2025-09-21 09:43:51 --> CodeIgniter\View\Exceptions\ViewException: Invalid file: "admin/insurance_claims_list.php"
[Method: GET, Route: admin/insurance-claims]
in SYSTEMPATH\Exceptions\FrameworkException.php on line 39.
 1 SYSTEMPATH\View\View.php(214): CodeIgniter\Exceptions\FrameworkException::forInvalidFile('admin/insurance_claims_list.php')
 2 SYSTEMPATH\Common.php(1167): CodeIgniter\View\View->render('admin/insurance_claims_list', [], true)
 3 APPPATH\Controllers\Admin.php(523): view('admin/insurance_claims_list', [...])
 4 SYSTEMPATH\CodeIgniter.php(933): App\Controllers\Admin->insuranceClaims()
 5 SYSTEMPATH\CodeIgniter.php(507): CodeIgniter\CodeIgniter->runController(Object(App\Controllers\Admin))
 6 SYSTEMPATH\CodeIgniter.php(354): CodeIgniter\CodeIgniter->handleRequest(null, Object(Config\Cache), false)
 7 SYSTEMPATH\Boot.php(363): CodeIgniter\CodeIgniter->run()
 8 SYSTEMPATH\Boot.php(68): CodeIgniter\Boot::runCodeIgniter(Object(CodeIgniter\CodeIgniter))
 9 FCPATH\index.php(59): CodeIgniter\Boot::bootWeb(Object(Config\Paths))
CRITICAL - 2025-09-21 09:43:52 --> CodeIgniter\View\Exceptions\ViewException: Invalid file: "admin/payments_list.php"
[Method: GET, Route: admin/payments]
in SYSTEMPATH\Exceptions\FrameworkException.php on line 39.
 1 SYSTEMPATH\View\View.php(214): CodeIgniter\Exceptions\FrameworkException::forInvalidFile('admin/payments_list.php')
 2 SYSTEMPATH\Common.php(1167): CodeIgniter\View\View->render('admin/payments_list', [], true)
 3 APPPATH\Controllers\Admin.php(499): view('admin/payments_list', [...])
 4 SYSTEMPATH\CodeIgniter.php(933): App\Controllers\Admin->payments()
 5 SYSTEMPATH\CodeIgniter.php(507): CodeIgniter\CodeIgniter->runController(Object(App\Controllers\Admin))
 6 SYSTEMPATH\CodeIgniter.php(354): CodeIgniter\CodeIgniter->handleRequest(null, Object(Config\Cache), false)
 7 SYSTEMPATH\Boot.php(363): CodeIgniter\CodeIgniter->run()
 8 SYSTEMPATH\Boot.php(68): CodeIgniter\Boot::runCodeIgniter(Object(CodeIgniter\CodeIgniter))
 9 FCPATH\index.php(59): CodeIgniter\Boot::bootWeb(Object(Config\Paths))
CRITICAL - 2025-09-21 09:45:23 --> CodeIgniter\View\Exceptions\ViewException: Invalid file: "admin/medical_records_list.php"
[Method: GET, Route: admin/medical-records]
in SYSTEMPATH\Exceptions\FrameworkException.php on line 39.
 1 SYSTEMPATH\View\View.php(214): CodeIgniter\Exceptions\FrameworkException::forInvalidFile('admin/medical_records_list.php')
 2 SYSTEMPATH\Common.php(1167): CodeIgniter\View\View->render('admin/medical_records_list', [], true)
 3 APPPATH\Controllers\Admin.php(450): view('admin/medical_records_list', [...])
 4 SYSTEMPATH\CodeIgniter.php(933): App\Controllers\Admin->medicalRecords()
 5 SYSTEMPATH\CodeIgniter.php(507): CodeIgniter\CodeIgniter->runController(Object(App\Controllers\Admin))
 6 SYSTEMPATH\CodeIgniter.php(354): CodeIgniter\CodeIgniter->handleRequest(null, Object(Config\Cache), false)
 7 SYSTEMPATH\Boot.php(363): CodeIgniter\CodeIgniter->run()
 8 SYSTEMPATH\Boot.php(68): CodeIgniter\Boot::runCodeIgniter(Object(CodeIgniter\CodeIgniter))
 9 FCPATH\index.php(59): CodeIgniter\Boot::bootWeb(Object(Config\Paths))
CRITICAL - 2025-09-21 09:45:38 --> CodeIgniter\View\Exceptions\ViewException: Invalid file: "admin/medical_records_list.php"
[Method: GET, Route: admin/medical-records]
in SYSTEMPATH\Exceptions\FrameworkException.php on line 39.
 1 SYSTEMPATH\View\View.php(214): CodeIgniter\Exceptions\FrameworkException::forInvalidFile('admin/medical_records_list.php')
 2 SYSTEMPATH\Common.php(1167): CodeIgniter\View\View->render('admin/medical_records_list', [], true)
 3 APPPATH\Controllers\Admin.php(450): view('admin/medical_records_list', [...])
 4 SYSTEMPATH\CodeIgniter.php(933): App\Controllers\Admin->medicalRecords()
 5 SYSTEMPATH\CodeIgniter.php(507): CodeIgniter\CodeIgniter->runController(Object(App\Controllers\Admin))
 6 SYSTEMPATH\CodeIgniter.php(354): CodeIgniter\CodeIgniter->handleRequest(null, Object(Config\Cache), false)
 7 SYSTEMPATH\Boot.php(363): CodeIgniter\CodeIgniter->run()
 8 SYSTEMPATH\Boot.php(68): CodeIgniter\Boot::runCodeIgniter(Object(CodeIgniter\CodeIgniter))
 9 FCPATH\index.php(59): CodeIgniter\Boot::bootWeb(Object(Config\Paths))
CRITICAL - 2025-09-21 09:45:48 --> CodeIgniter\View\Exceptions\ViewException: Invalid file: "admin/medical_records_list.php"
[Method: GET, Route: admin/medical-records]
in SYSTEMPATH\Exceptions\FrameworkException.php on line 39.
 1 SYSTEMPATH\View\View.php(214): CodeIgniter\Exceptions\FrameworkException::forInvalidFile('admin/medical_records_list.php')
 2 SYSTEMPATH\Common.php(1167): CodeIgniter\View\View->render('admin/medical_records_list', [], true)
 3 APPPATH\Controllers\Admin.php(450): view('admin/medical_records_list', [...])
 4 SYSTEMPATH\CodeIgniter.php(933): App\Controllers\Admin->medicalRecords()
 5 SYSTEMPATH\CodeIgniter.php(507): CodeIgniter\CodeIgniter->runController(Object(App\Controllers\Admin))
 6 SYSTEMPATH\CodeIgniter.php(354): CodeIgniter\CodeIgniter->handleRequest(null, Object(Config\Cache), false)
 7 SYSTEMPATH\Boot.php(363): CodeIgniter\CodeIgniter->run()
 8 SYSTEMPATH\Boot.php(68): CodeIgniter\Boot::runCodeIgniter(Object(CodeIgniter\CodeIgniter))
 9 FCPATH\index.php(59): CodeIgniter\Boot::bootWeb(Object(Config\Paths))
CRITICAL - 2025-09-21 09:45:51 --> CodeIgniter\View\Exceptions\ViewException: Invalid file: "admin/payments_list.php"
[Method: GET, Route: admin/payments]
in SYSTEMPATH\Exceptions\FrameworkException.php on line 39.
 1 SYSTEMPATH\View\View.php(214): CodeIgniter\Exceptions\FrameworkException::forInvalidFile('admin/payments_list.php')
 2 SYSTEMPATH\Common.php(1167): CodeIgniter\View\View->render('admin/payments_list', [], true)
 3 APPPATH\Controllers\Admin.php(499): view('admin/payments_list', [...])
 4 SYSTEMPATH\CodeIgniter.php(933): App\Controllers\Admin->payments()
 5 SYSTEMPATH\CodeIgniter.php(507): CodeIgniter\CodeIgniter->runController(Object(App\Controllers\Admin))
 6 SYSTEMPATH\CodeIgniter.php(354): CodeIgniter\CodeIgniter->handleRequest(null, Object(Config\Cache), false)
 7 SYSTEMPATH\Boot.php(363): CodeIgniter\CodeIgniter->run()
 8 SYSTEMPATH\Boot.php(68): CodeIgniter\Boot::runCodeIgniter(Object(CodeIgniter\CodeIgniter))
 9 FCPATH\index.php(59): CodeIgniter\Boot::bootWeb(Object(Config\Paths))
CRITICAL - 2025-09-21 09:45:52 --> CodeIgniter\View\Exceptions\ViewException: Invalid file: "admin/insurance_claims_list.php"
[Method: GET, Route: admin/insurance-claims]
in SYSTEMPATH\Exceptions\FrameworkException.php on line 39.
 1 SYSTEMPATH\View\View.php(214): CodeIgniter\Exceptions\FrameworkException::forInvalidFile('admin/insurance_claims_list.php')
 2 SYSTEMPATH\Common.php(1167): CodeIgniter\View\View->render('admin/insurance_claims_list', [], true)
 3 APPPATH\Controllers\Admin.php(523): view('admin/insurance_claims_list', [...])
 4 SYSTEMPATH\CodeIgniter.php(933): App\Controllers\Admin->insuranceClaims()
 5 SYSTEMPATH\CodeIgniter.php(507): CodeIgniter\CodeIgniter->runController(Object(App\Controllers\Admin))
 6 SYSTEMPATH\CodeIgniter.php(354): CodeIgniter\CodeIgniter->handleRequest(null, Object(Config\Cache), false)
 7 SYSTEMPATH\Boot.php(363): CodeIgniter\CodeIgniter->run()
 8 SYSTEMPATH\Boot.php(68): CodeIgniter\Boot::runCodeIgniter(Object(CodeIgniter\CodeIgniter))
 9 FCPATH\index.php(59): CodeIgniter\Boot::bootWeb(Object(Config\Paths))
CRITICAL - 2025-09-21 09:45:54 --> CodeIgniter\View\Exceptions\ViewException: Invalid file: "admin/lab_tests_list.php"
[Method: GET, Route: admin/lab-tests]
in SYSTEMPATH\Exceptions\FrameworkException.php on line 39.
 1 SYSTEMPATH\View\View.php(214): CodeIgniter\Exceptions\FrameworkException::forInvalidFile('admin/lab_tests_list.php')
 2 SYSTEMPATH\Common.php(1167): CodeIgniter\View\View->render('admin/lab_tests_list', [], true)
 3 APPPATH\Controllers\Admin.php(553): view('admin/lab_tests_list', [...])
 4 SYSTEMPATH\CodeIgniter.php(933): App\Controllers\Admin->labTests()
 5 SYSTEMPATH\CodeIgniter.php(507): CodeIgniter\CodeIgniter->runController(Object(App\Controllers\Admin))
 6 SYSTEMPATH\CodeIgniter.php(354): CodeIgniter\CodeIgniter->handleRequest(null, Object(Config\Cache), false)
 7 SYSTEMPATH\Boot.php(363): CodeIgniter\CodeIgniter->run()
 8 SYSTEMPATH\Boot.php(68): CodeIgniter\Boot::runCodeIgniter(Object(CodeIgniter\CodeIgniter))
 9 FCPATH\index.php(59): CodeIgniter\Boot::bootWeb(Object(Config\Paths))
CRITICAL - 2025-09-21 09:45:56 --> CodeIgniter\View\Exceptions\ViewException: Invalid file: "admin/medicines_list.php"
[Method: GET, Route: admin/medicines]
in SYSTEMPATH\Exceptions\FrameworkException.php on line 39.
 1 SYSTEMPATH\View\View.php(214): CodeIgniter\Exceptions\FrameworkException::forInvalidFile('admin/medicines_list.php')
 2 SYSTEMPATH\Common.php(1167): CodeIgniter\View\View->render('admin/medicines_list', [], true)
 3 APPPATH\Controllers\Admin.php(578): view('admin/medicines_list', [...])
 4 SYSTEMPATH\CodeIgniter.php(933): App\Controllers\Admin->medicines()
 5 SYSTEMPATH\CodeIgniter.php(507): CodeIgniter\CodeIgniter->runController(Object(App\Controllers\Admin))
 6 SYSTEMPATH\CodeIgniter.php(354): CodeIgniter\CodeIgniter->handleRequest(null, Object(Config\Cache), false)
 7 SYSTEMPATH\Boot.php(363): CodeIgniter\CodeIgniter->run()
 8 SYSTEMPATH\Boot.php(68): CodeIgniter\Boot::runCodeIgniter(Object(CodeIgniter\CodeIgniter))
 9 FCPATH\index.php(59): CodeIgniter\Boot::bootWeb(Object(Config\Paths))
CRITICAL - 2025-09-21 09:45:57 --> CodeIgniter\View\Exceptions\ViewException: Invalid file: "admin/inventory_list.php"
[Method: GET, Route: admin/inventory]
in SYSTEMPATH\Exceptions\FrameworkException.php on line 39.
 1 SYSTEMPATH\View\View.php(214): CodeIgniter\Exceptions\FrameworkException::forInvalidFile('admin/inventory_list.php')
 2 SYSTEMPATH\Common.php(1167): CodeIgniter\View\View->render('admin/inventory_list', [], true)
 3 APPPATH\Controllers\Admin.php(605): view('admin/inventory_list', [...])
 4 SYSTEMPATH\CodeIgniter.php(933): App\Controllers\Admin->inventory()
 5 SYSTEMPATH\CodeIgniter.php(507): CodeIgniter\CodeIgniter->runController(Object(App\Controllers\Admin))
 6 SYSTEMPATH\CodeIgniter.php(354): CodeIgniter\CodeIgniter->handleRequest(null, Object(Config\Cache), false)
 7 SYSTEMPATH\Boot.php(363): CodeIgniter\CodeIgniter->run()
 8 SYSTEMPATH\Boot.php(68): CodeIgniter\Boot::runCodeIgniter(Object(CodeIgniter\CodeIgniter))
 9 FCPATH\index.php(59): CodeIgniter\Boot::bootWeb(Object(Config\Paths))
CRITICAL - 2025-09-21 09:46:07 --> CodeIgniter\View\Exceptions\ViewException: Invalid file: "admin/medical_records_list.php"
[Method: GET, Route: admin/medical-records]
in SYSTEMPATH\Exceptions\FrameworkException.php on line 39.
 1 SYSTEMPATH\View\View.php(214): CodeIgniter\Exceptions\FrameworkException::forInvalidFile('admin/medical_records_list.php')
 2 SYSTEMPATH\Common.php(1167): CodeIgniter\View\View->render('admin/medical_records_list', [], true)
 3 APPPATH\Controllers\Admin.php(450): view('admin/medical_records_list', [...])
 4 SYSTEMPATH\CodeIgniter.php(933): App\Controllers\Admin->medicalRecords()
 5 SYSTEMPATH\CodeIgniter.php(507): CodeIgniter\CodeIgniter->runController(Object(App\Controllers\Admin))
 6 SYSTEMPATH\CodeIgniter.php(354): CodeIgniter\CodeIgniter->handleRequest(null, Object(Config\Cache), false)
 7 SYSTEMPATH\Boot.php(363): CodeIgniter\CodeIgniter->run()
 8 SYSTEMPATH\Boot.php(68): CodeIgniter\Boot::runCodeIgniter(Object(CodeIgniter\CodeIgniter))
 9 FCPATH\index.php(59): CodeIgniter\Boot::bootWeb(Object(Config\Paths))
CRITICAL - 2025-09-21 09:46:58 --> CodeIgniter\View\Exceptions\ViewException: Invalid file: "admin/inventory_list.php"
[Method: GET, Route: admin/inventory]
in SYSTEMPATH\Exceptions\FrameworkException.php on line 39.
 1 SYSTEMPATH\View\View.php(214): CodeIgniter\Exceptions\FrameworkException::forInvalidFile('admin/inventory_list.php')
 2 SYSTEMPATH\Common.php(1167): CodeIgniter\View\View->render('admin/inventory_list', [], true)
 3 APPPATH\Controllers\Admin.php(605): view('admin/inventory_list', [...])
 4 SYSTEMPATH\CodeIgniter.php(933): App\Controllers\Admin->inventory()
 5 SYSTEMPATH\CodeIgniter.php(507): CodeIgniter\CodeIgniter->runController(Object(App\Controllers\Admin))
 6 SYSTEMPATH\CodeIgniter.php(354): CodeIgniter\CodeIgniter->handleRequest(null, Object(Config\Cache), false)
 7 SYSTEMPATH\Boot.php(363): CodeIgniter\CodeIgniter->run()
 8 SYSTEMPATH\Boot.php(68): CodeIgniter\Boot::runCodeIgniter(Object(CodeIgniter\CodeIgniter))
 9 FCPATH\index.php(59): CodeIgniter\Boot::bootWeb(Object(Config\Paths))
